0 info it worked if it ends with ok
1 verbose cli [ '/usr/local/bin/node',
1 verbose cli   '/usr/local/bin/npm',
1 verbose cli   'run',
1 verbose cli   'test:lint-css' ]
2 info using npm@3.10.10
3 info using node@v6.11.1
4 verbose run-script [ 'pretest:lint-css', 'test:lint-css', 'posttest:lint-css' ]
5 info lifecycle ui-components@0.0.1~pretest:lint-css: ui-components@0.0.1
6 silly lifecycle ui-components@0.0.1~pretest:lint-css: no script for pretest:lint-css, continuing
7 info lifecycle ui-components@0.0.1~test:lint-css: ui-components@0.0.1
8 verbose lifecycle ui-components@0.0.1~test:lint-css: unsafe-perm in lifecycle true
9 verbose lifecycle ui-components@0.0.1~test:lint-css: PATH: /usr/local/lib/node_modules/npm/bin/node-gyp-bin:/Users/ilyanoskov/Sumup/sumup-ui/node_modules/.bin:/Users/ilyanoskov/Sumup/sumup-ui/node_modules/.bin:/Users/ilyanoskov/.config/yarn/link/node_modules/.bin:/Users/ilyanoskov/Sumup/sumup-ui/node_modules/.bin:/Users/ilyanoskov/.config/yarn/link/node_modules/.bin:/usr/local/lib/node_modules/npm/bin/node-gyp-bin:/usr/local/bin/node_modules/npm/bin/node-gyp-bin:/Users/ilyanoskov/.rvm/gems/ruby-2.4.1/bin:/Users/ilyanoskov/.rvm/gems/ruby-2.4.1@global/bin:/Users/ilyanoskov/.rvm/rubies/ruby-2.4.1/bin:/usr/local/bin:/usr/local/sbin:/usr/bin:/bin:/usr/sbin:/sbin:/opt/X11/bin:/Users/ilyanoskov/.rvm/bin:/Users/ilyanoskov/.fzf/bin
10 verbose lifecycle ui-components@0.0.1~test:lint-css: CWD: /Users/ilyanoskov/Sumup/sumup-ui
11 silly lifecycle ui-components@0.0.1~test:lint-css: Args: [ '-c', 'stylelint "src/**/*.scss" --cache' ]
12 silly lifecycle ui-components@0.0.1~test:lint-css: Returned: code: 2  signal: null
13 info lifecycle ui-components@0.0.1~test:lint-css: Failed to exec test:lint-css script
14 verbose stack Error: ui-components@0.0.1 test:lint-css: `stylelint "src/**/*.scss" --cache`
14 verbose stack Exit status 2
14 verbose stack     at EventEmitter.<anonymous> (/usr/local/lib/node_modules/npm/lib/utils/lifecycle.js:255:16)
14 verbose stack     at emitTwo (events.js:106:13)
14 verbose stack     at EventEmitter.emit (events.js:191:7)
14 verbose stack     at ChildProcess.<anonymous> (/usr/local/lib/node_modules/npm/lib/utils/spawn.js:40:14)
14 verbose stack     at emitTwo (events.js:106:13)
14 verbose stack     at ChildProcess.emit (events.js:191:7)
14 verbose stack     at maybeClose (internal/child_process.js:891:16)
14 verbose stack     at Process.ChildProcess._handle.onexit (internal/child_process.js:226:5)
15 verbose pkgid ui-components@0.0.1
16 verbose cwd /Users/ilyanoskov/Sumup/sumup-ui
17 error Darwin 16.7.0
18 error argv "/usr/local/bin/node" "/usr/local/bin/npm" "run" "test:lint-css"
19 error node v6.11.1
20 error npm  v3.10.10
21 error code ELIFECYCLE
22 error ui-components@0.0.1 test:lint-css: `stylelint "src/**/*.scss" --cache`
22 error Exit status 2
23 error Failed at the ui-components@0.0.1 test:lint-css script 'stylelint "src/**/*.scss" --cache'.
23 error Make sure you have the latest version of node.js and npm installed.
23 error If you do, this is most likely a problem with the ui-components package,
23 error not with npm itself.
23 error Tell the author that this fails on your system:
23 error     stylelint "src/**/*.scss" --cache
23 error You can get information on how to open an issue for this project with:
23 error     npm bugs ui-components
23 error Or if that isn't available, you can get their info via:
23 error     npm owner ls ui-components
23 error There is likely additional logging output above.
24 verbose exit [ 1, true ]
